2018-08-19 07:52:01,012 - INFO - allennlp.common.params - dataset_reader.type = squad2
2018-08-19 07:52:01,012 - INFO - allennlp.common.params - dataset_reader.tokenizer.type = word
2018-08-19 07:52:01,012 - INFO - allennlp.common.params - dataset_reader.tokenizer.word_splitter.type = spacy
2018-08-19 07:52:01,012 - INFO - allennlp.common.params - dataset_reader.tokenizer.word_splitter.language = en_core_web_sm
2018-08-19 07:52:01,012 - INFO - allennlp.common.params - dataset_reader.tokenizer.word_splitter.pos_tags = False
2018-08-19 07:52:01,012 - INFO - allennlp.common.params - dataset_reader.tokenizer.word_splitter.parse = False
2018-08-19 07:52:01,012 - INFO - allennlp.common.params - dataset_reader.tokenizer.word_splitter.ner = False
2018-08-19 07:52:01,522 - INFO - allennlp.common.params - dataset_reader.tokenizer.word_filter.type = pass_through
2018-08-19 07:52:01,522 - INFO - allennlp.common.params - dataset_reader.tokenizer.word_stemmer.type = pass_through
2018-08-19 07:52:01,522 - INFO - allennlp.common.params - dataset_reader.tokenizer.start_tokens = None
2018-08-19 07:52:01,522 - INFO - allennlp.common.params - dataset_reader.tokenizer.end_tokens = None
2018-08-19 07:52:01,523 - INFO - allennlp.common.params - dataset_reader.token_indexers.tokens.type = single_id
2018-08-19 07:52:01,523 - INFO - allennlp.common.params - dataset_reader.token_indexers.tokens.namespace = tokens
2018-08-19 07:52:01,523 - INFO - allennlp.common.params - dataset_reader.token_indexers.tokens.lowercase_tokens = True
2018-08-19 07:52:01,523 - INFO - allennlp.common.params - dataset_reader.token_indexers.token_characters.type = characters
2018-08-19 07:52:01,523 - INFO - allennlp.common.params - dataset_reader.token_indexers.token_characters.namespace = token_characters
2018-08-19 07:52:01,524 - INFO - allennlp.common.params - dataset_reader.token_indexers.token_characters.character_tokenizer.byte_encoding = utf-8
2018-08-19 07:52:01,524 - INFO - allennlp.common.params - dataset_reader.token_indexers.token_characters.character_tokenizer.lowercase_characters = False
2018-08-19 07:52:01,524 - INFO - allennlp.common.params - dataset_reader.token_indexers.token_characters.character_tokenizer.start_tokens = [259]
2018-08-19 07:52:01,524 - INFO - allennlp.common.params - dataset_reader.token_indexers.token_characters.character_tokenizer.end_tokens = [260]
2018-08-19 07:52:01,524 - INFO - allennlp.common.params - dataset_reader.lazy = True
2018-08-19 07:52:01,524 - INFO - allennlp.common.params - dataset_reader.maxRows = -1
2018-08-19 07:52:01,524 - INFO - allennlp.common.params - validation_dataset_reader = None
2018-08-19 07:52:01,524 - INFO - allennlp.common.params - train_data_path = https://rajpurkar.github.io/SQuAD-explorer/dataset/train-v2.0.json
2018-08-19 07:52:01,524 - INFO - allennlp.commands.train - Reading training data from https://rajpurkar.github.io/SQuAD-explorer/dataset/train-v2.0.json
2018-08-19 07:52:01,525 - INFO - allennlp.common.params - validation_data_path = https://rajpurkar.github.io/SQuAD-explorer/dataset/dev-v2.0.json
2018-08-19 07:52:01,525 - INFO - allennlp.commands.train - Reading validation data from https://rajpurkar.github.io/SQuAD-explorer/dataset/dev-v2.0.json
2018-08-19 07:52:01,525 - INFO - allennlp.common.params - test_data_path = None
2018-08-19 07:52:01,525 - INFO - allennlp.commands.train - Creating a vocabulary using validation, train data.
2018-08-19 07:52:01,525 - INFO - allennlp.common.params - vocabulary.directory_path = None
2018-08-19 07:52:01,525 - INFO - allennlp.common.params - vocabulary.min_count = None
2018-08-19 07:52:01,525 - INFO - allennlp.common.params - vocabulary.max_vocab_size = None
2018-08-19 07:52:01,525 - INFO - allennlp.common.params - vocabulary.non_padded_namespaces = ('*tags', '*labels')
2018-08-19 07:52:01,525 - INFO - allennlp.common.params - vocabulary.only_include_pretrained_words = False
2018-08-19 07:52:01,525 - INFO - allennlp.common.params - vocabulary.tokens_to_add = None
2018-08-19 07:52:01,526 - INFO - allennlp.data.vocabulary - Fitting token dictionary from dataset.
2018-08-19 07:52:02,958 - INFO - squad2.squad2 - Reading file at /home/arvindsgulati/.allennlp/datasets/3ed6d8ee2e4a05a76f0e3c9aeac435b2a46efb6ade713d80cc81dfdc94a83183
2018-08-19 07:52:04,318 - INFO - squad2.squad2 - Reading the dataset
2018-08-19 07:56:52,911 - INFO - squad2.squad2 - Reading file at /home/arvindsgulati/.allennlp/datasets/5ac41b6f6bec6809c84d3591916085ec80858a34b7827db3ac4f46dca6e7bf32
2018-08-19 07:56:53,074 - INFO - squad2.squad2 - Reading the dataset
2018-08-19 07:57:20,887 - INFO - allennlp.common.params - model.type = bidaf2
2018-08-19 07:57:20,887 - INFO - allennlp.common.params - model.text_field_embedder.type = basic
2018-08-19 07:57:20,887 - INFO - allennlp.common.params - model.text_field_embedder.embedder_to_indexer_map = None
2018-08-19 07:57:20,887 - INFO - allennlp.common.params - model.text_field_embedder.tokens.type = embedding
2018-08-19 07:57:20,888 - INFO - allennlp.common.params - model.text_field_embedder.tokens.num_embeddings = None
2018-08-19 07:57:20,888 - INFO - allennlp.common.params - model.text_field_embedder.tokens.vocab_namespace = tokens
2018-08-19 07:57:20,888 - INFO - allennlp.common.params - model.text_field_embedder.tokens.embedding_dim = 100
2018-08-19 07:57:20,888 - INFO - allennlp.common.params - model.text_field_embedder.tokens.pretrained_file = https://s3-us-west-2.amazonaws.com/allennlp/datasets/glove/glove.6B.100d.txt.gz
2018-08-19 07:57:20,888 - INFO - allennlp.common.params - model.text_field_embedder.tokens.projection_dim = None
2018-08-19 07:57:20,888 - INFO - allennlp.common.params - model.text_field_embedder.tokens.trainable = False
2018-08-19 07:57:20,888 - INFO - allennlp.common.params - model.text_field_embedder.tokens.padding_index = None
2018-08-19 07:57:20,888 - INFO - allennlp.common.params - model.text_field_embedder.tokens.max_norm = None
2018-08-19 07:57:20,888 - INFO - allennlp.common.params - model.text_field_embedder.tokens.norm_type = 2.0
2018-08-19 07:57:20,889 - INFO - allennlp.common.params - model.text_field_embedder.tokens.scale_grad_by_freq = False
2018-08-19 07:57:20,889 - INFO - allennlp.common.params - model.text_field_embedder.tokens.sparse = False
2018-08-19 07:57:20,896 - INFO - allennlp.modules.token_embedders.embedding - Reading embeddings from file
2018-08-19 07:57:28,888 - INFO - allennlp.modules.token_embedders.embedding - Initializing pre-trained embedding layer
2018-08-19 07:57:29,766 - INFO - allennlp.common.params - model.text_field_embedder.token_characters.type = character_encoding
2018-08-19 07:57:29,767 - INFO - allennlp.common.params - model.text_field_embedder.token_characters.embedding.num_embeddings = 262
2018-08-19 07:57:29,767 - INFO - allennlp.common.params - model.text_field_embedder.token_characters.embedding.vocab_namespace = token_characters
2018-08-19 07:57:29,767 - INFO - allennlp.common.params - model.text_field_embedder.token_characters.embedding.embedding_dim = 16
2018-08-19 07:57:29,767 - INFO - allennlp.common.params - model.text_field_embedder.token_characters.embedding.pretrained_file = None
2018-08-19 07:57:29,767 - INFO - allennlp.common.params - model.text_field_embedder.token_characters.embedding.projection_dim = None
2018-08-19 07:57:29,767 - INFO - allennlp.common.params - model.text_field_embedder.token_characters.embedding.trainable = True
2018-08-19 07:57:29,767 - INFO - allennlp.common.params - model.text_field_embedder.token_characters.embedding.padding_index = None
2018-08-19 07:57:29,767 - INFO - allennlp.common.params - model.text_field_embedder.token_characters.embedding.max_norm = None
2018-08-19 07:57:29,767 - INFO - allennlp.common.params - model.text_field_embedder.token_characters.embedding.norm_type = 2.0
2018-08-19 07:57:29,767 - INFO - allennlp.common.params - model.text_field_embedder.token_characters.embedding.scale_grad_by_freq = False
2018-08-19 07:57:29,768 - INFO - allennlp.common.params - model.text_field_embedder.token_characters.embedding.sparse = False
2018-08-19 07:57:29,768 - INFO - allennlp.common.params - model.text_field_embedder.token_characters.encoder.type = cnn
2018-08-19 07:57:29,768 - INFO - allennlp.common.params - model.text_field_embedder.token_characters.encoder.embedding_dim = 16
2018-08-19 07:57:29,768 - INFO - allennlp.common.params - model.text_field_embedder.token_characters.encoder.output_dim = None
2018-08-19 07:57:29,768 - INFO - allennlp.common.params - model.text_field_embedder.token_characters.encoder.num_filters = 100
2018-08-19 07:57:29,769 - INFO - allennlp.common.params - model.text_field_embedder.token_characters.encoder.conv_layer_activation = relu
2018-08-19 07:57:29,769 - INFO - allennlp.common.params - model.text_field_embedder.token_characters.encoder.ngram_filter_sizes = [5]
2018-08-19 07:57:29,770 - INFO - allennlp.common.params - model.text_field_embedder.token_characters.dropout = 0.2
2018-08-19 07:57:29,771 - INFO - allennlp.common.params - model.num_highway_layers = 2
2018-08-19 07:57:29,771 - INFO - allennlp.common.params - model.phrase_layer.type = lstm
2018-08-19 07:57:29,771 - INFO - allennlp.common.params - model.phrase_layer.batch_first = True
2018-08-19 07:57:29,771 - INFO - allennlp.common.params - Converting Params object to dict; logging of default values will not occur when dictionary parameters are used subsequently.
2018-08-19 07:57:29,771 - INFO - allennlp.common.params - CURRENTLY DEFINED PARAMETERS: 
2018-08-19 07:57:29,771 - INFO - allennlp.common.params - model.phrase_layer.bidirectional = True
2018-08-19 07:57:29,772 - INFO - allennlp.common.params - model.phrase_layer.input_size = 200
2018-08-19 07:57:29,772 - INFO - allennlp.common.params - model.phrase_layer.hidden_size = 100
2018-08-19 07:57:29,772 - INFO - allennlp.common.params - model.phrase_layer.num_layers = 1
2018-08-19 07:57:29,772 - INFO - allennlp.common.params - model.phrase_layer.dropout = 0.2
2018-08-19 07:57:29,772 - INFO - allennlp.common.params - model.phrase_layer.batch_first = True
2018-08-19 07:57:29,783 - INFO - allennlp.common.params - model.similarity_function.type = linear
2018-08-19 07:57:29,784 - INFO - allennlp.common.params - model.similarity_function.tensor_1_dim = 200
2018-08-19 07:57:29,784 - INFO - allennlp.common.params - model.similarity_function.tensor_2_dim = 200
2018-08-19 07:57:29,784 - INFO - allennlp.common.params - model.similarity_function.combination = x,y,x*y
2018-08-19 07:57:29,784 - INFO - allennlp.common.params - model.similarity_function.activation = linear
2018-08-19 07:57:29,793 - INFO - allennlp.common.params - model.modeling_layer.type = lstm
2018-08-19 07:57:29,794 - INFO - allennlp.common.params - model.modeling_layer.batch_first = True
2018-08-19 07:57:29,794 - INFO - allennlp.common.params - Converting Params object to dict; logging of default values will not occur when dictionary parameters are used subsequently.
2018-08-19 07:57:29,794 - INFO - allennlp.common.params - CURRENTLY DEFINED PARAMETERS: 
2018-08-19 07:57:29,794 - INFO - allennlp.common.params - model.modeling_layer.bidirectional = True
2018-08-19 07:57:29,794 - INFO - allennlp.common.params - model.modeling_layer.input_size = 800
2018-08-19 07:57:29,794 - INFO - allennlp.common.params - model.modeling_layer.hidden_size = 100
2018-08-19 07:57:29,794 - INFO - allennlp.common.params - model.modeling_layer.num_layers = 2
2018-08-19 07:57:29,794 - INFO - allennlp.common.params - model.modeling_layer.dropout = 0.2
2018-08-19 07:57:29,794 - INFO - allennlp.common.params - model.modeling_layer.batch_first = True
2018-08-19 07:57:29,802 - INFO - allennlp.common.params - model.span_end_encoder.type = lstm
2018-08-19 07:57:29,802 - INFO - allennlp.common.params - model.span_end_encoder.batch_first = True
2018-08-19 07:57:29,802 - INFO - allennlp.common.params - Converting Params object to dict; logging of default values will not occur when dictionary parameters are used subsequently.
2018-08-19 07:57:29,803 - INFO - allennlp.common.params - CURRENTLY DEFINED PARAMETERS: 
2018-08-19 07:57:29,803 - INFO - allennlp.common.params - model.span_end_encoder.bidirectional = True
2018-08-19 07:57:29,803 - INFO - allennlp.common.params - model.span_end_encoder.input_size = 1400
2018-08-19 07:57:29,803 - INFO - allennlp.common.params - model.span_end_encoder.hidden_size = 100
2018-08-19 07:57:29,803 - INFO - allennlp.common.params - model.span_end_encoder.num_layers = 1
2018-08-19 07:57:29,803 - INFO - allennlp.common.params - model.span_end_encoder.dropout = 0.2
2018-08-19 07:57:29,803 - INFO - allennlp.common.params - model.span_end_encoder.batch_first = True
2018-08-19 07:57:29,813 - INFO - allennlp.common.params - model.dropout = 0.2
2018-08-19 07:57:29,813 - INFO - allennlp.common.params - model.initializer = []
2018-08-19 07:57:29,813 - INFO - allennlp.common.params - model.regularizer = []
2018-08-19 07:57:29,813 - INFO - allennlp.common.params - model.mask_lstms = True
2018-08-19 07:57:29,815 - INFO - allennlp.nn.initializers - Initializing parameters
2018-08-19 07:57:29,815 - INFO - allennlp.nn.initializers - Done initializing parameters; the following parameters are using their default initialization from their code
2018-08-19 07:57:29,816 - INFO - allennlp.nn.initializers -    _highway_layer._module._layers.0.bias
2018-08-19 07:57:29,816 - INFO - allennlp.nn.initializers -    _highway_layer._module._layers.0.weight
2018-08-19 07:57:29,816 - INFO - allennlp.nn.initializers -    _highway_layer._module._layers.1.bias
2018-08-19 07:57:29,816 - INFO - allennlp.nn.initializers -    _highway_layer._module._layers.1.weight
2018-08-19 07:57:29,816 - INFO - allennlp.nn.initializers -    _matrix_attention._similarity_function._bias
2018-08-19 07:57:29,816 - INFO - allennlp.nn.initializers -    _matrix_attention._similarity_function._weight_vector
2018-08-19 07:57:29,816 - INFO - allennlp.nn.initializers -    _modeling_layer._module.bias_hh_l0
2018-08-19 07:57:29,816 - INFO - allennlp.nn.initializers -    _modeling_layer._module.bias_hh_l0_reverse
2018-08-19 07:57:29,816 - INFO - allennlp.nn.initializers -    _modeling_layer._module.bias_hh_l1
2018-08-19 07:57:29,816 - INFO - allennlp.nn.initializers -    _modeling_layer._module.bias_hh_l1_reverse
2018-08-19 07:57:29,816 - INFO - allennlp.nn.initializers -    _modeling_layer._module.bias_ih_l0
2018-08-19 07:57:29,816 - INFO - allennlp.nn.initializers -    _modeling_layer._module.bias_ih_l0_reverse
2018-08-19 07:57:29,817 - INFO - allennlp.nn.initializers -    _modeling_layer._module.bias_ih_l1
2018-08-19 07:57:29,817 - INFO - allennlp.nn.initializers -    _modeling_layer._module.bias_ih_l1_reverse
2018-08-19 07:57:29,817 - INFO - allennlp.nn.initializers -    _modeling_layer._module.weight_hh_l0
2018-08-19 07:57:29,817 - INFO - allennlp.nn.initializers -    _modeling_layer._module.weight_hh_l0_reverse
2018-08-19 07:57:29,817 - INFO - allennlp.nn.initializers -    _modeling_layer._module.weight_hh_l1
2018-08-19 07:57:29,817 - INFO - allennlp.nn.initializers -    _modeling_layer._module.weight_hh_l1_reverse
2018-08-19 07:57:29,817 - INFO - allennlp.nn.initializers -    _modeling_layer._module.weight_ih_l0
2018-08-19 07:57:29,817 - INFO - allennlp.nn.initializers -    _modeling_layer._module.weight_ih_l0_reverse
2018-08-19 07:57:29,817 - INFO - allennlp.nn.initializers -    _modeling_layer._module.weight_ih_l1
2018-08-19 07:57:29,817 - INFO - allennlp.nn.initializers -    _modeling_layer._module.weight_ih_l1_reverse
2018-08-19 07:57:29,817 - INFO - allennlp.nn.initializers -    _phrase_layer._module.bias_hh_l0
2018-08-19 07:57:29,817 - INFO - allennlp.nn.initializers -    _phrase_layer._module.bias_hh_l0_reverse
2018-08-19 07:57:29,818 - INFO - allennlp.nn.initializers -    _phrase_layer._module.bias_ih_l0
2018-08-19 07:57:29,818 - INFO - allennlp.nn.initializers -    _phrase_layer._module.bias_ih_l0_reverse
2018-08-19 07:57:29,818 - INFO - allennlp.nn.initializers -    _phrase_layer._module.weight_hh_l0
2018-08-19 07:57:29,818 - INFO - allennlp.nn.initializers -    _phrase_layer._module.weight_hh_l0_reverse
2018-08-19 07:57:29,818 - INFO - allennlp.nn.initializers -    _phrase_layer._module.weight_ih_l0
2018-08-19 07:57:29,818 - INFO - allennlp.nn.initializers -    _phrase_layer._module.weight_ih_l0_reverse
2018-08-19 07:57:29,818 - INFO - allennlp.nn.initializers -    _span_end_encoder._module.bias_hh_l0
2018-08-19 07:57:29,818 - INFO - allennlp.nn.initializers -    _span_end_encoder._module.bias_hh_l0_reverse
2018-08-19 07:57:29,818 - INFO - allennlp.nn.initializers -    _span_end_encoder._module.bias_ih_l0
2018-08-19 07:57:29,818 - INFO - allennlp.nn.initializers -    _span_end_encoder._module.bias_ih_l0_reverse
2018-08-19 07:57:29,818 - INFO - allennlp.nn.initializers -    _span_end_encoder._module.weight_hh_l0
2018-08-19 07:57:29,818 - INFO - allennlp.nn.initializers -    _span_end_encoder._module.weight_hh_l0_reverse
2018-08-19 07:57:29,819 - INFO - allennlp.nn.initializers -    _span_end_encoder._module.weight_ih_l0
2018-08-19 07:57:29,819 - INFO - allennlp.nn.initializers -    _span_end_encoder._module.weight_ih_l0_reverse
2018-08-19 07:57:29,819 - INFO - allennlp.nn.initializers -    _span_end_predictor._module.bias
2018-08-19 07:57:29,819 - INFO - allennlp.nn.initializers -    _span_end_predictor._module.weight
2018-08-19 07:57:29,819 - INFO - allennlp.nn.initializers -    _span_start_predictor._module.bias
2018-08-19 07:57:29,819 - INFO - allennlp.nn.initializers -    _span_start_predictor._module.weight
2018-08-19 07:57:29,819 - INFO - allennlp.nn.initializers -    _text_field_embedder.token_embedder_token_characters._embedding._module.weight
2018-08-19 07:57:29,819 - INFO - allennlp.nn.initializers -    _text_field_embedder.token_embedder_token_characters._encoder._module.conv_layer_0.bias
2018-08-19 07:57:29,819 - INFO - allennlp.nn.initializers -    _text_field_embedder.token_embedder_token_characters._encoder._module.conv_layer_0.weight
2018-08-19 07:57:29,819 - INFO - allennlp.nn.initializers -    _text_field_embedder.token_embedder_tokens.weight
2018-08-19 07:57:29,819 - INFO - allennlp.common.params - iterator.type = bucket
2018-08-19 07:57:29,820 - INFO - allennlp.common.params - iterator.sorting_keys = [['passage', 'num_tokens'], ['question', 'num_tokens']]
2018-08-19 07:57:29,820 - INFO - allennlp.common.params - iterator.padding_noise = 0.1
2018-08-19 07:57:29,820 - INFO - allennlp.common.params - iterator.biggest_batch_first = False
2018-08-19 07:57:29,820 - INFO - allennlp.common.params - iterator.batch_size = 40
2018-08-19 07:57:29,820 - INFO - allennlp.common.params - iterator.instances_per_epoch = None
2018-08-19 07:57:29,820 - INFO - allennlp.common.params - iterator.max_instances_in_memory = None
2018-08-19 07:57:29,820 - INFO - allennlp.common.params - trainer.patience = 10
2018-08-19 07:57:29,820 - INFO - allennlp.common.params - trainer.validation_metric = +em
2018-08-19 07:57:29,821 - INFO - allennlp.common.params - trainer.num_epochs = 20
2018-08-19 07:57:29,821 - INFO - allennlp.common.params - trainer.cuda_device = 0
2018-08-19 07:57:29,821 - INFO - allennlp.common.params - trainer.grad_norm = 5.0
2018-08-19 07:57:29,821 - INFO - allennlp.common.params - trainer.grad_clipping = None
2018-08-19 07:57:42,098 - INFO - allennlp.common.params - trainer.optimizer.type = adam
2018-08-19 07:57:42,098 - INFO - allennlp.common.params - trainer.optimizer.parameter_groups = None
2018-08-19 07:57:42,099 - INFO - allennlp.common.params - Converting Params object to dict; logging of default values will not occur when dictionary parameters are used subsequently.
2018-08-19 07:57:42,099 - INFO - allennlp.common.params - CURRENTLY DEFINED PARAMETERS: 
2018-08-19 07:57:42,099 - INFO - allennlp.common.params - trainer.optimizer.betas = [0.9, 0.9]
2018-08-19 07:57:42,099 - INFO - allennlp.common.params - trainer.learning_rate_scheduler.type = reduce_on_plateau
2018-08-19 07:57:42,099 - INFO - allennlp.common.params - Converting Params object to dict; logging of default values will not occur when dictionary parameters are used subsequently.
2018-08-19 07:57:42,099 - INFO - allennlp.common.params - CURRENTLY DEFINED PARAMETERS: 
2018-08-19 07:57:42,099 - INFO - allennlp.common.params - trainer.learning_rate_scheduler.factor = 0.5
2018-08-19 07:57:42,099 - INFO - allennlp.common.params - trainer.learning_rate_scheduler.mode = max
2018-08-19 07:57:42,099 - INFO - allennlp.common.params - trainer.learning_rate_scheduler.patience = 2
2018-08-19 07:57:42,099 - INFO - allennlp.common.params - trainer.num_serialized_models_to_keep = None
2018-08-19 07:57:42,099 - INFO - allennlp.common.params - trainer.keep_serialized_model_every_num_seconds = None
2018-08-19 07:57:42,099 - INFO - allennlp.common.params - trainer.model_save_interval = None
2018-08-19 07:57:42,099 - INFO - allennlp.common.params - trainer.summary_interval = 100
2018-08-19 07:57:42,099 - INFO - allennlp.common.params - trainer.histogram_interval = None
2018-08-19 07:57:42,103 - INFO - allennlp.common.params - evaluate_on_test = False
2018-08-19 07:57:42,103 - INFO - allennlp.training.trainer - Beginning training.
2018-08-19 07:57:42,103 - INFO - allennlp.training.trainer - Epoch 0/19
2018-08-19 07:57:42,103 - INFO - allennlp.training.trainer - Peak CPU memory usage MB: 2177.828
2018-08-19 07:57:42,150 - INFO - allennlp.training.trainer - GPU 0 memory usage MB: 833
2018-08-19 07:57:42,151 - INFO - allennlp.training.trainer - Training
2018-08-19 07:57:42,263 - INFO - squad2.squad2 - Reading file at /home/arvindsgulati/.allennlp/datasets/3ed6d8ee2e4a05a76f0e3c9aeac435b2a46efb6ade713d80cc81dfdc94a83183
2018-08-19 07:57:43,457 - INFO - squad2.squad2 - Reading the dataset
2018-08-19 08:21:30,975 - INFO - allennlp.training.trainer - Validating
2018-08-19 08:21:31,219 - INFO - squad2.squad2 - Reading file at /home/arvindsgulati/.allennlp/datasets/5ac41b6f6bec6809c84d3591916085ec80858a34b7827db3ac4f46dca6e7bf32
2018-08-19 08:21:31,321 - INFO - squad2.squad2 - Reading the dataset
2018-08-19 08:22:35,119 - INFO - allennlp.training.trainer - Best validation performance so far. Copying weights to 'out/best.th'.
2018-08-19 08:22:35,162 - INFO - allennlp.training.trainer - Training end_acc : 0.334771    Validation end_acc : 0.500295 
2018-08-19 08:22:35,162 - INFO - allennlp.training.trainer - Training em : 0.334264    Validation em : 0.500884 
2018-08-19 08:22:35,163 - INFO - allennlp.training.trainer - Training loss : 0.057409    Validation loss : 0.036062 
2018-08-19 08:22:35,163 - INFO - allennlp.training.trainer - Training start_acc : 0.334333    Validation start_acc : 0.500884 
2018-08-19 08:22:35,163 - INFO - allennlp.training.trainer - Training answer_impossible_accuracy : 0.335254    Validation answer_impossible_accuracy : 0.500800 
2018-08-19 08:22:35,163 - INFO - allennlp.training.trainer - Epoch duration: 00:24:53
2018-08-19 08:22:35,163 - INFO - allennlp.training.trainer - Estimated training time remaining: 07:52:48
2018-08-19 08:22:35,163 - INFO - allennlp.training.trainer - Epoch 1/19
2018-08-19 08:22:35,163 - INFO - allennlp.training.trainer - Peak CPU memory usage MB: 2307.308
2018-08-19 08:22:35,213 - INFO - allennlp.training.trainer - GPU 0 memory usage MB: 15153
2018-08-19 08:22:35,214 - INFO - allennlp.training.trainer - Training
2018-08-19 08:22:36,361 - INFO - squad2.squad2 - Reading file at /home/arvindsgulati/.allennlp/datasets/3ed6d8ee2e4a05a76f0e3c9aeac435b2a46efb6ade713d80cc81dfdc94a83183
2018-08-19 08:22:37,179 - INFO - squad2.squad2 - Reading the dataset
2018-08-19 08:46:25,461 - INFO - allennlp.training.trainer - Validating
2018-08-19 08:46:25,702 - INFO - squad2.squad2 - Reading file at /home/arvindsgulati/.allennlp/datasets/5ac41b6f6bec6809c84d3591916085ec80858a34b7827db3ac4f46dca6e7bf32
2018-08-19 08:46:25,748 - INFO - squad2.squad2 - Reading the dataset
2018-08-19 08:47:29,143 - INFO - allennlp.training.trainer - Best validation performance so far. Copying weights to 'out/best.th'.
2018-08-19 08:47:29,535 - INFO - allennlp.training.trainer - Training end_acc : 0.348668    Validation end_acc : 0.499705 
2018-08-19 08:47:29,535 - INFO - allennlp.training.trainer - Training em : 0.346273    Validation em : 0.502737 
2018-08-19 08:47:29,536 - INFO - allennlp.training.trainer - Training loss : 0.044396    Validation loss : 0.030247 
2018-08-19 08:47:29,536 - INFO - allennlp.training.trainer - Training start_acc : 0.349443    Validation start_acc : 0.500379 
2018-08-19 08:47:29,536 - INFO - allennlp.training.trainer - Training answer_impossible_accuracy : 0.356763    Validation answer_impossible_accuracy : 0.512339 
2018-08-19 08:47:29,536 - INFO - allennlp.training.trainer - Epoch duration: 00:24:54
2018-08-19 08:47:29,536 - INFO - allennlp.training.trainer - Estimated training time remaining: 07:28:06
2018-08-19 08:47:29,536 - INFO - allennlp.training.trainer - Epoch 2/19
2018-08-19 08:47:29,536 - INFO - allennlp.training.trainer - Peak CPU memory usage MB: 2391.664
2018-08-19 08:47:29,585 - INFO - allennlp.training.trainer - GPU 0 memory usage MB: 15153
2018-08-19 08:47:29,587 - INFO - allennlp.training.trainer - Training
2018-08-19 08:47:30,689 - INFO - squad2.squad2 - Reading file at /home/arvindsgulati/.allennlp/datasets/3ed6d8ee2e4a05a76f0e3c9aeac435b2a46efb6ade713d80cc81dfdc94a83183
2018-08-19 08:47:31,573 - INFO - squad2.squad2 - Reading the dataset
2018-08-19 09:11:16,204 - INFO - allennlp.training.trainer - Validating
2018-08-19 09:11:16,441 - INFO - squad2.squad2 - Reading file at /home/arvindsgulati/.allennlp/datasets/5ac41b6f6bec6809c84d3591916085ec80858a34b7827db3ac4f46dca6e7bf32
2018-08-19 09:11:16,536 - INFO - squad2.squad2 - Reading the dataset
2018-08-19 09:12:19,563 - INFO - allennlp.training.trainer - Best validation performance so far. Copying weights to 'out/best.th'.
2018-08-19 09:12:19,923 - INFO - allennlp.training.trainer - Training end_acc : 0.406595    Validation end_acc : 0.509896 
2018-08-19 09:12:19,923 - INFO - allennlp.training.trainer - Training em : 0.397586    Validation em : 0.524383 
2018-08-19 09:12:19,924 - INFO - allennlp.training.trainer - Training loss : 0.035842    Validation loss : 0.024754 
2018-08-19 09:12:19,925 - INFO - allennlp.training.trainer - Training start_acc : 0.402719    Validation start_acc : 0.518487 
2018-08-19 09:12:19,925 - INFO - allennlp.training.trainer - Training answer_impossible_accuracy : 0.431549    Validation answer_impossible_accuracy : 0.549903 
2018-08-19 09:12:19,925 - INFO - allennlp.training.trainer - Epoch duration: 00:24:50
2018-08-19 09:12:19,925 - INFO - allennlp.training.trainer - Estimated training time remaining: 07:02:54
2018-08-19 09:12:19,925 - INFO - allennlp.training.trainer - Epoch 3/19
2018-08-19 09:12:19,925 - INFO - allennlp.training.trainer - Peak CPU memory usage MB: 2402.24
2018-08-19 09:12:19,975 - INFO - allennlp.training.trainer - GPU 0 memory usage MB: 15153
2018-08-19 09:12:19,976 - INFO - allennlp.training.trainer - Training
2018-08-19 09:12:21,314 - INFO - squad2.squad2 - Reading file at /home/arvindsgulati/.allennlp/datasets/3ed6d8ee2e4a05a76f0e3c9aeac435b2a46efb6ade713d80cc81dfdc94a83183
2018-08-19 09:12:22,116 - INFO - squad2.squad2 - Reading the dataset
2018-08-19 09:36:04,979 - INFO - allennlp.training.trainer - Validating
2018-08-19 09:36:05,229 - INFO - squad2.squad2 - Reading file at /home/arvindsgulati/.allennlp/datasets/5ac41b6f6bec6809c84d3591916085ec80858a34b7827db3ac4f46dca6e7bf32
2018-08-19 09:36:05,275 - INFO - squad2.squad2 - Reading the dataset
2018-08-19 09:37:08,403 - INFO - allennlp.training.trainer - Best validation performance so far. Copying weights to 'out/best.th'.
2018-08-19 09:37:08,809 - INFO - allennlp.training.trainer - Training end_acc : 0.451906    Validation end_acc : 0.517814 
2018-08-19 09:37:08,810 - INFO - allennlp.training.trainer - Training em : 0.438631    Validation em : 0.529521 
2018-08-19 09:37:08,810 - INFO - allennlp.training.trainer - Training loss : 0.031580    Validation loss : 0.024033 
2018-08-19 09:37:08,811 - INFO - allennlp.training.trainer - Training start_acc : 0.443059    Validation start_acc : 0.524888 
2018-08-19 09:37:08,811 - INFO - allennlp.training.trainer - Training answer_impossible_accuracy : 0.485593    Validation answer_impossible_accuracy : 0.563211 
2018-08-19 09:37:08,811 - INFO - allennlp.training.trainer - Epoch duration: 00:24:48
2018-08-19 09:37:08,811 - INFO - allennlp.training.trainer - Estimated training time remaining: 06:37:46
2018-08-19 09:37:08,811 - INFO - allennlp.training.trainer - Epoch 4/19
2018-08-19 09:37:08,812 - INFO - allennlp.training.trainer - Peak CPU memory usage MB: 2413.148
2018-08-19 09:37:08,862 - INFO - allennlp.training.trainer - GPU 0 memory usage MB: 15153
2018-08-19 09:37:08,863 - INFO - allennlp.training.trainer - Training
2018-08-19 09:37:10,239 - INFO - squad2.squad2 - Reading file at /home/arvindsgulati/.allennlp/datasets/3ed6d8ee2e4a05a76f0e3c9aeac435b2a46efb6ade713d80cc81dfdc94a83183
2018-08-19 09:37:11,031 - INFO - squad2.squad2 - Reading the dataset
2018-08-19 10:00:52,431 - INFO - allennlp.training.trainer - Validating
2018-08-19 10:00:52,651 - INFO - squad2.squad2 - Reading file at /home/arvindsgulati/.allennlp/datasets/5ac41b6f6bec6809c84d3591916085ec80858a34b7827db3ac4f46dca6e7bf32
2018-08-19 10:00:52,773 - INFO - squad2.squad2 - Reading the dataset
2018-08-19 10:01:55,848 - INFO - allennlp.training.trainer - Best validation performance so far. Copying weights to 'out/best.th'.
2018-08-19 10:01:56,208 - INFO - allennlp.training.trainer - Training end_acc : 0.478296    Validation end_acc : 0.529689 
2018-08-19 10:01:56,208 - INFO - allennlp.training.trainer - Training em : 0.463455    Validation em : 0.540386 
2018-08-19 10:01:56,209 - INFO - allennlp.training.trainer - Training loss : 0.029465    Validation loss : 0.023869 
2018-08-19 10:01:56,209 - INFO - allennlp.training.trainer - Training start_acc : 0.467890    Validation start_acc : 0.537522 
2018-08-19 10:01:56,209 - INFO - allennlp.training.trainer - Training answer_impossible_accuracy : 0.517238    Validation answer_impossible_accuracy : 0.583846 
2018-08-19 10:01:56,209 - INFO - allennlp.training.trainer - Epoch duration: 00:24:47
2018-08-19 10:01:56,210 - INFO - allennlp.training.trainer - Estimated training time remaining: 06:12:42
2018-08-19 10:01:56,210 - INFO - allennlp.training.trainer - Epoch 5/19
2018-08-19 10:01:56,210 - INFO - allennlp.training.trainer - Peak CPU memory usage MB: 2423.604
2018-08-19 10:01:56,262 - INFO - allennlp.training.trainer - GPU 0 memory usage MB: 15153
2018-08-19 10:01:56,263 - INFO - allennlp.training.trainer - Training
2018-08-19 10:01:57,511 - INFO - squad2.squad2 - Reading file at /home/arvindsgulati/.allennlp/datasets/3ed6d8ee2e4a05a76f0e3c9aeac435b2a46efb6ade713d80cc81dfdc94a83183
2018-08-19 10:01:58,355 - INFO - squad2.squad2 - Reading the dataset
2018-08-19 10:25:39,219 - INFO - allennlp.training.trainer - Validating
2018-08-19 10:25:39,476 - INFO - squad2.squad2 - Reading file at /home/arvindsgulati/.allennlp/datasets/5ac41b6f6bec6809c84d3591916085ec80858a34b7827db3ac4f46dca6e7bf32
2018-08-19 10:25:39,521 - INFO - squad2.squad2 - Reading the dataset
2018-08-19 10:26:42,313 - INFO - allennlp.training.trainer - Best validation performance so far. Copying weights to 'out/best.th'.
2018-08-19 10:26:42,695 - INFO - allennlp.training.trainer - Training end_acc : 0.500349    Validation end_acc : 0.535416 
2018-08-19 10:26:42,695 - INFO - allennlp.training.trainer - Training em : 0.482063    Validation em : 0.544765 
2018-08-19 10:26:42,696 - INFO - allennlp.training.trainer - Training loss : 0.027906    Validation loss : 0.023406 
2018-08-19 10:26:42,696 - INFO - allennlp.training.trainer - Training start_acc : 0.486253    Validation start_acc : 0.541396 
2018-08-19 10:26:42,696 - INFO - allennlp.training.trainer - Training answer_impossible_accuracy : 0.539469    Validation answer_impossible_accuracy : 0.585530 
2018-08-19 10:26:42,697 - INFO - allennlp.training.trainer - Epoch duration: 00:24:46
2018-08-19 10:26:42,697 - INFO - allennlp.training.trainer - Estimated training time remaining: 05:47:41
2018-08-19 10:26:42,697 - INFO - allennlp.training.trainer - Epoch 6/19
2018-08-19 10:26:42,697 - INFO - allennlp.training.trainer - Peak CPU memory usage MB: 2434.528
2018-08-19 10:26:42,749 - INFO - allennlp.training.trainer - GPU 0 memory usage MB: 15153
2018-08-19 10:26:42,750 - INFO - allennlp.training.trainer - Training
2018-08-19 10:26:43,870 - INFO - squad2.squad2 - Reading file at /home/arvindsgulati/.allennlp/datasets/3ed6d8ee2e4a05a76f0e3c9aeac435b2a46efb6ade713d80cc81dfdc94a83183
2018-08-19 10:26:44,793 - INFO - squad2.squad2 - Reading the dataset
2018-08-19 10:50:23,929 - INFO - allennlp.training.trainer - Validating
2018-08-19 10:50:24,153 - INFO - squad2.squad2 - Reading file at /home/arvindsgulati/.allennlp/datasets/5ac41b6f6bec6809c84d3591916085ec80858a34b7827db3ac4f46dca6e7bf32
2018-08-19 10:50:24,198 - INFO - squad2.squad2 - Reading the dataset
2018-08-19 10:51:27,181 - INFO - allennlp.training.trainer - Best validation performance so far. Copying weights to 'out/best.th'.
2018-08-19 10:51:27,539 - INFO - allennlp.training.trainer - Training end_acc : 0.519379    Validation end_acc : 0.542997 
2018-08-19 10:51:27,539 - INFO - allennlp.training.trainer - Training em : 0.499843    Validation em : 0.556052 
2018-08-19 10:51:27,540 - INFO - allennlp.training.trainer - Training loss : 0.026749    Validation loss : 0.023656 
2018-08-19 10:51:27,540 - INFO - allennlp.training.trainer - Training start_acc : 0.503764    Validation start_acc : 0.547545 
2018-08-19 10:51:27,540 - INFO - allennlp.training.trainer - Training answer_impossible_accuracy : 0.561146    Validation answer_impossible_accuracy : 0.600185 
2018-08-19 10:51:27,540 - INFO - allennlp.training.trainer - Epoch duration: 00:24:44
2018-08-19 10:51:27,540 - INFO - allennlp.training.trainer - Estimated training time remaining: 05:22:41
2018-08-19 10:51:27,540 - INFO - allennlp.training.trainer - Epoch 7/19
2018-08-19 10:51:27,541 - INFO - allennlp.training.trainer - Peak CPU memory usage MB: 2445.116
2018-08-19 10:51:27,593 - INFO - allennlp.training.trainer - GPU 0 memory usage MB: 15153
2018-08-19 10:51:27,594 - INFO - allennlp.training.trainer - Training
2018-08-19 10:51:28,882 - INFO - squad2.squad2 - Reading file at /home/arvindsgulati/.allennlp/datasets/3ed6d8ee2e4a05a76f0e3c9aeac435b2a46efb6ade713d80cc81dfdc94a83183
2018-08-19 10:51:29,821 - INFO - squad2.squad2 - Reading the dataset
2018-08-19 11:15:09,660 - INFO - allennlp.training.trainer - Validating
2018-08-19 11:15:09,886 - INFO - squad2.squad2 - Reading file at /home/arvindsgulati/.allennlp/datasets/5ac41b6f6bec6809c84d3591916085ec80858a34b7827db3ac4f46dca6e7bf32
2018-08-19 11:15:09,983 - INFO - squad2.squad2 - Reading the dataset
2018-08-19 11:16:12,809 - INFO - allennlp.training.trainer - Training end_acc : 0.534197    Validation end_acc : 0.545776 
2018-08-19 11:16:12,809 - INFO - allennlp.training.trainer - Training em : 0.514146    Validation em : 0.554199 
2018-08-19 11:16:12,809 - INFO - allennlp.training.trainer - Training loss : 0.025734    Validation loss : 0.023139 
2018-08-19 11:16:12,810 - INFO - allennlp.training.trainer - Training start_acc : 0.516072    Validation start_acc : 0.547040 
2018-08-19 11:16:12,810 - INFO - allennlp.training.trainer - Training answer_impossible_accuracy : 0.579179    Validation answer_impossible_accuracy : 0.594963 
2018-08-19 11:16:12,810 - INFO - allennlp.training.trainer - Epoch duration: 00:24:45
2018-08-19 11:16:12,810 - INFO - allennlp.training.trainer - Estimated training time remaining: 04:57:46
2018-08-19 11:16:12,810 - INFO - allennlp.training.trainer - Epoch 8/19
2018-08-19 11:16:12,811 - INFO - allennlp.training.trainer - Peak CPU memory usage MB: 2455.724
2018-08-19 11:16:12,863 - INFO - allennlp.training.trainer - GPU 0 memory usage MB: 15153
2018-08-19 11:16:12,864 - INFO - allennlp.training.trainer - Training
2018-08-19 11:16:14,126 - INFO - squad2.squad2 - Reading file at /home/arvindsgulati/.allennlp/datasets/3ed6d8ee2e4a05a76f0e3c9aeac435b2a46efb6ade713d80cc81dfdc94a83183
2018-08-19 11:16:14,935 - INFO - squad2.squad2 - Reading the dataset
2018-08-19 11:39:53,791 - INFO - allennlp.training.trainer - Validating
2018-08-19 11:39:54,033 - INFO - squad2.squad2 - Reading file at /home/arvindsgulati/.allennlp/datasets/5ac41b6f6bec6809c84d3591916085ec80858a34b7827db3ac4f46dca6e7bf32
2018-08-19 11:39:54,131 - INFO - squad2.squad2 - Reading the dataset
2018-08-19 11:40:57,346 - INFO - allennlp.training.trainer - Best validation performance so far. Copying weights to 'out/best.th'.
2018-08-19 11:40:57,707 - INFO - allennlp.training.trainer - Training end_acc : 0.547741    Validation end_acc : 0.543755 
2018-08-19 11:40:57,708 - INFO - allennlp.training.trainer - Training em : 0.526132    Validation em : 0.556894 
2018-08-19 11:40:57,708 - INFO - allennlp.training.trainer - Training loss : 0.024854    Validation loss : 0.023737 
2018-08-19 11:40:57,709 - INFO - allennlp.training.trainer - Training start_acc : 0.527920    Validation start_acc : 0.546618 
2018-08-19 11:40:57,709 - INFO - allennlp.training.trainer - Training answer_impossible_accuracy : 0.593367    Validation answer_impossible_accuracy : 0.603554 
2018-08-19 11:40:57,709 - INFO - allennlp.training.trainer - Epoch duration: 00:24:44
2018-08-19 11:40:57,709 - INFO - allennlp.training.trainer - Estimated training time remaining: 04:32:52
2018-08-19 11:40:57,709 - INFO - allennlp.training.trainer - Epoch 9/19
2018-08-19 11:40:57,710 - INFO - allennlp.training.trainer - Peak CPU memory usage MB: 2466.6
2018-08-19 11:40:57,763 - INFO - allennlp.training.trainer - GPU 0 memory usage MB: 15153
2018-08-19 11:40:57,764 - INFO - allennlp.training.trainer - Training
2018-08-19 11:40:58,920 - INFO - squad2.squad2 - Reading file at /home/arvindsgulati/.allennlp/datasets/3ed6d8ee2e4a05a76f0e3c9aeac435b2a46efb6ade713d80cc81dfdc94a83183
2018-08-19 11:40:59,847 - INFO - squad2.squad2 - Reading the dataset
2018-08-19 12:04:38,286 - INFO - allennlp.training.trainer - Validating
2018-08-19 12:04:38,541 - INFO - squad2.squad2 - Reading file at /home/arvindsgulati/.allennlp/datasets/5ac41b6f6bec6809c84d3591916085ec80858a34b7827db3ac4f46dca6e7bf32
2018-08-19 12:04:38,587 - INFO - squad2.squad2 - Reading the dataset
2018-08-19 12:05:41,248 - INFO - allennlp.training.trainer - Training end_acc : 0.560954    Validation end_acc : 0.534743 
2018-08-19 12:05:41,249 - INFO - allennlp.training.trainer - Training em : 0.539384    Validation em : 0.550998 
2018-08-19 12:05:41,249 - INFO - allennlp.training.trainer - Training loss : 0.024097    Validation loss : 0.024550 
2018-08-19 12:05:41,249 - INFO - allennlp.training.trainer - Training start_acc : 0.540128    Validation start_acc : 0.544765 
2018-08-19 12:05:41,249 - INFO - allennlp.training.trainer - Training answer_impossible_accuracy : 0.607571    Validation answer_impossible_accuracy : 0.607513 
2018-08-19 12:05:41,250 - INFO - allennlp.training.trainer - Epoch duration: 00:24:43
2018-08-19 12:05:41,250 - INFO - allennlp.training.trainer - Estimated training time remaining: 04:07:59
2018-08-19 12:05:41,250 - INFO - allennlp.training.trainer - Epoch 10/19
2018-08-19 12:05:41,250 - INFO - allennlp.training.trainer - Peak CPU memory usage MB: 2477.18
2018-08-19 12:05:41,303 - INFO - allennlp.training.trainer - GPU 0 memory usage MB: 15153
2018-08-19 12:05:41,303 - INFO - allennlp.training.trainer - Training
2018-08-19 12:05:42,566 - INFO - squad2.squad2 - Reading file at /home/arvindsgulati/.allennlp/datasets/3ed6d8ee2e4a05a76f0e3c9aeac435b2a46efb6ade713d80cc81dfdc94a83183
2018-08-19 12:05:43,486 - INFO - squad2.squad2 - Reading the dataset
2018-08-19 12:29:21,616 - INFO - allennlp.training.trainer - Validating
2018-08-19 12:29:21,837 - INFO - squad2.squad2 - Reading file at /home/arvindsgulati/.allennlp/datasets/5ac41b6f6bec6809c84d3591916085ec80858a34b7827db3ac4f46dca6e7bf32
2018-08-19 12:29:21,935 - INFO - squad2.squad2 - Reading the dataset
2018-08-19 12:30:24,809 - INFO - allennlp.training.trainer - Training end_acc : 0.574813    Validation end_acc : 0.538785 
2018-08-19 12:30:24,809 - INFO - allennlp.training.trainer - Training em : 0.549682    Validation em : 0.554957 
2018-08-19 12:30:24,810 - INFO - allennlp.training.trainer - Training loss : 0.023385    Validation loss : 0.024088 
2018-08-19 12:30:24,811 - INFO - allennlp.training.trainer - Training start_acc : 0.549245    Validation start_acc : 0.547882 
2018-08-19 12:30:24,811 - INFO - allennlp.training.trainer - Training answer_impossible_accuracy : 0.619610    Validation answer_impossible_accuracy : 0.604312 
2018-08-19 12:30:24,811 - INFO - allennlp.training.trainer - Epoch duration: 00:24:43
2018-08-19 12:30:24,811 - INFO - allennlp.training.trainer - Estimated training time remaining: 03:43:07
2018-08-19 12:30:24,811 - INFO - allennlp.training.trainer - Epoch 11/19
2018-08-19 12:30:24,811 - INFO - allennlp.training.trainer - Peak CPU memory usage MB: 2487.892
2018-08-19 12:30:24,864 - INFO - allennlp.training.trainer - GPU 0 memory usage MB: 15153
2018-08-19 12:30:24,865 - INFO - allennlp.training.trainer - Training
2018-08-19 12:30:26,112 - INFO - squad2.squad2 - Reading file at /home/arvindsgulati/.allennlp/datasets/3ed6d8ee2e4a05a76f0e3c9aeac435b2a46efb6ade713d80cc81dfdc94a83183
2018-08-19 12:30:26,934 - INFO - squad2.squad2 - Reading the dataset
2018-08-19 12:54:04,133 - INFO - allennlp.training.trainer - Validating
2018-08-19 12:54:04,343 - INFO - squad2.squad2 - Reading file at /home/arvindsgulati/.allennlp/datasets/5ac41b6f6bec6809c84d3591916085ec80858a34b7827db3ac4f46dca6e7bf32
2018-08-19 12:54:04,389 - INFO - squad2.squad2 - Reading the dataset
2018-08-19 12:55:07,285 - INFO - allennlp.training.trainer - Best validation performance so far. Copying weights to 'out/best.th'.
2018-08-19 12:55:07,703 - INFO - allennlp.training.trainer - Training end_acc : 0.584366    Validation end_acc : 0.546366 
2018-08-19 12:55:07,703 - INFO - allennlp.training.trainer - Training em : 0.559849    Validation em : 0.560768 
2018-08-19 12:55:07,704 - INFO - allennlp.training.trainer - Training loss : 0.022769    Validation loss : 0.024272 
2018-08-19 12:55:07,704 - INFO - allennlp.training.trainer - Training start_acc : 0.559205    Validation start_acc : 0.549482 
2018-08-19 12:55:07,704 - INFO - allennlp.training.trainer - Training answer_impossible_accuracy : 0.630683    Validation answer_impossible_accuracy : 0.614588 
2018-08-19 12:55:07,704 - INFO - allennlp.training.trainer - Epoch duration: 00:24:42
2018-08-19 12:55:07,704 - INFO - allennlp.training.trainer - Estimated training time remaining: 03:18:17
2018-08-19 12:55:07,705 - INFO - allennlp.training.trainer - Epoch 12/19
2018-08-19 12:55:07,705 - INFO - allennlp.training.trainer - Peak CPU memory usage MB: 2498.684
2018-08-19 12:55:07,758 - INFO - allennlp.training.trainer - GPU 0 memory usage MB: 15153
2018-08-19 12:55:07,759 - INFO - allennlp.training.trainer - Training
2018-08-19 12:55:08,973 - INFO - squad2.squad2 - Reading file at /home/arvindsgulati/.allennlp/datasets/3ed6d8ee2e4a05a76f0e3c9aeac435b2a46efb6ade713d80cc81dfdc94a83183
2018-08-19 12:55:09,901 - INFO - squad2.squad2 - Reading the dataset
2018-08-19 13:18:47,625 - INFO - allennlp.training.trainer - Validating
2018-08-19 13:18:47,850 - INFO - squad2.squad2 - Reading file at /home/arvindsgulati/.allennlp/datasets/5ac41b6f6bec6809c84d3591916085ec80858a34b7827db3ac4f46dca6e7bf32
2018-08-19 13:18:47,952 - INFO - squad2.squad2 - Reading the dataset
2018-08-19 13:19:50,776 - INFO - allennlp.training.trainer - Training end_acc : 0.591871    Validation end_acc : 0.551251 
2018-08-19 13:19:50,777 - INFO - allennlp.training.trainer - Training em : 0.566986    Validation em : 0.556894 
2018-08-19 13:19:50,777 - INFO - allennlp.training.trainer - Training loss : 0.022262    Validation loss : 0.024638 
2018-08-19 13:19:50,778 - INFO - allennlp.training.trainer - Training start_acc : 0.568252    Validation start_acc : 0.552935 
2018-08-19 13:19:50,778 - INFO - allennlp.training.trainer - Training answer_impossible_accuracy : 0.639162    Validation answer_impossible_accuracy : 0.614335 
2018-08-19 13:19:50,778 - INFO - allennlp.training.trainer - Epoch duration: 00:24:43
2018-08-19 13:19:50,778 - INFO - allennlp.training.trainer - Estimated training time remaining: 02:53:27
2018-08-19 13:19:50,778 - INFO - allennlp.training.trainer - Epoch 13/19
2018-08-19 13:19:50,778 - INFO - allennlp.training.trainer - Peak CPU memory usage MB: 2511.948
2018-08-19 13:19:50,832 - INFO - allennlp.training.trainer - GPU 0 memory usage MB: 15153
2018-08-19 13:19:50,833 - INFO - allennlp.training.trainer - Training
2018-08-19 13:19:51,938 - INFO - squad2.squad2 - Reading file at /home/arvindsgulati/.allennlp/datasets/3ed6d8ee2e4a05a76f0e3c9aeac435b2a46efb6ade713d80cc81dfdc94a83183
2018-08-19 13:19:52,755 - INFO - squad2.squad2 - Reading the dataset
2018-08-19 13:43:30,198 - INFO - allennlp.training.trainer - Validating
2018-08-19 13:43:30,436 - INFO - squad2.squad2 - Reading file at /home/arvindsgulati/.allennlp/datasets/5ac41b6f6bec6809c84d3591916085ec80858a34b7827db3ac4f46dca6e7bf32
2018-08-19 13:43:30,537 - INFO - squad2.squad2 - Reading the dataset
2018-08-19 13:44:33,991 - INFO - allennlp.training.trainer - Best validation performance so far. Copying weights to 'out/best.th'.
2018-08-19 13:44:34,351 - INFO - allennlp.training.trainer - Training end_acc : 0.604402    Validation end_acc : 0.552514 
2018-08-19 13:44:34,352 - INFO - allennlp.training.trainer - Training em : 0.575680    Validation em : 0.565990 
2018-08-19 13:44:34,352 - INFO - allennlp.training.trainer - Training loss : 0.021737    Validation loss : 0.024690 
2018-08-19 13:44:34,352 - INFO - allennlp.training.trainer - Training start_acc : 0.576455    Validation start_acc : 0.556136 
2018-08-19 13:44:34,352 - INFO - allennlp.training.trainer - Training answer_impossible_accuracy : 0.648862    Validation answer_impossible_accuracy : 0.620820 
2018-08-19 13:44:34,353 - INFO - allennlp.training.trainer - Epoch duration: 00:24:43
2018-08-19 13:44:34,353 - INFO - allennlp.training.trainer - Estimated training time remaining: 02:28:39
2018-08-19 13:44:34,353 - INFO - allennlp.training.trainer - Epoch 14/19
2018-08-19 13:44:34,353 - INFO - allennlp.training.trainer - Peak CPU memory usage MB: 2528.432
2018-08-19 13:44:34,409 - INFO - allennlp.training.trainer - GPU 0 memory usage MB: 15153
2018-08-19 13:44:34,410 - INFO - allennlp.training.trainer - Training
2018-08-19 13:44:35,585 - INFO - squad2.squad2 - Reading file at /home/arvindsgulati/.allennlp/datasets/3ed6d8ee2e4a05a76f0e3c9aeac435b2a46efb6ade713d80cc81dfdc94a83183
2018-08-19 13:44:36,393 - INFO - squad2.squad2 - Reading the dataset
2018-08-19 14:08:16,004 - INFO - allennlp.training.trainer - Validating
2018-08-19 14:08:16,213 - INFO - squad2.squad2 - Reading file at /home/arvindsgulati/.allennlp/datasets/5ac41b6f6bec6809c84d3591916085ec80858a34b7827db3ac4f46dca6e7bf32
2018-08-19 14:08:16,259 - INFO - squad2.squad2 - Reading the dataset
2018-08-19 14:09:20,088 - INFO - allennlp.training.trainer - Training end_acc : 0.613026    Validation end_acc : 0.551840 
2018-08-19 14:09:20,089 - INFO - allennlp.training.trainer - Training em : 0.585164    Validation em : 0.560852 
2018-08-19 14:09:20,089 - INFO - allennlp.training.trainer - Training loss : 0.021321    Validation loss : 0.024467 
2018-08-19 14:09:20,089 - INFO - allennlp.training.trainer - Training start_acc : 0.584190    Validation start_acc : 0.551925 
2018-08-19 14:09:20,089 - INFO - allennlp.training.trainer - Training answer_impossible_accuracy : 0.658254    Validation answer_impossible_accuracy : 0.614503 
2018-08-19 14:09:20,090 - INFO - allennlp.training.trainer - Epoch duration: 00:24:45
2018-08-19 14:09:20,090 - INFO - allennlp.training.trainer - Estimated training time remaining: 02:03:52
2018-08-19 14:09:20,090 - INFO - allennlp.training.trainer - Epoch 15/19
2018-08-19 14:09:20,090 - INFO - allennlp.training.trainer - Peak CPU memory usage MB: 2544.404
2018-08-19 14:09:20,145 - INFO - allennlp.training.trainer - GPU 0 memory usage MB: 15153
2018-08-19 14:09:20,146 - INFO - allennlp.training.trainer - Training
2018-08-19 14:09:21,404 - INFO - squad2.squad2 - Reading file at /home/arvindsgulati/.allennlp/datasets/3ed6d8ee2e4a05a76f0e3c9aeac435b2a46efb6ade713d80cc81dfdc94a83183
2018-08-19 14:09:22,228 - INFO - squad2.squad2 - Reading the dataset
2018-08-19 14:33:09,704 - INFO - allennlp.training.trainer - Validating
2018-08-19 14:33:09,968 - INFO - squad2.squad2 - Reading file at /home/arvindsgulati/.allennlp/datasets/5ac41b6f6bec6809c84d3591916085ec80858a34b7827db3ac4f46dca6e7bf32
2018-08-19 14:33:10,016 - INFO - squad2.squad2 - Reading the dataset
2018-08-19 14:34:13,957 - INFO - allennlp.training.trainer - Training end_acc : 0.620853    Validation end_acc : 0.551419 
2018-08-19 14:34:13,958 - INFO - allennlp.training.trainer - Training em : 0.594664    Validation em : 0.560179 
2018-08-19 14:34:13,958 - INFO - allennlp.training.trainer - Training loss : 0.020786    Validation loss : 0.025367 
2018-08-19 14:34:13,958 - INFO - allennlp.training.trainer - Training start_acc : 0.593359    Validation start_acc : 0.547545 
2018-08-19 14:34:13,959 - INFO - allennlp.training.trainer - Training answer_impossible_accuracy : 0.668137    Validation answer_impossible_accuracy : 0.619220 
2018-08-19 14:34:13,959 - INFO - allennlp.training.trainer - Epoch duration: 00:24:53
2018-08-19 14:34:13,959 - INFO - allennlp.training.trainer - Estimated training time remaining: 01:39:07
2018-08-19 14:34:13,959 - INFO - allennlp.training.trainer - Epoch 16/19
2018-08-19 14:34:13,959 - INFO - allennlp.training.trainer - Peak CPU memory usage MB: 2560.768
2018-08-19 14:34:14,014 - INFO - allennlp.training.trainer - GPU 0 memory usage MB: 15153
2018-08-19 14:34:14,015 - INFO - allennlp.training.trainer - Training
2018-08-19 14:34:15,132 - INFO - squad2.squad2 - Reading file at /home/arvindsgulati/.allennlp/datasets/3ed6d8ee2e4a05a76f0e3c9aeac435b2a46efb6ade713d80cc81dfdc94a83183
2018-08-19 14:34:16,054 - INFO - squad2.squad2 - Reading the dataset
2018-08-19 14:58:03,914 - INFO - allennlp.training.trainer - Validating
2018-08-19 14:58:04,102 - INFO - squad2.squad2 - Reading file at /home/arvindsgulati/.allennlp/datasets/5ac41b6f6bec6809c84d3591916085ec80858a34b7827db3ac4f46dca6e7bf32
2018-08-19 14:58:04,201 - INFO - squad2.squad2 - Reading the dataset
2018-08-19 14:59:08,161 - INFO - allennlp.training.trainer - Training end_acc : 0.626463    Validation end_acc : 0.546113 
2018-08-19 14:59:08,161 - INFO - allennlp.training.trainer - Training em : 0.598286    Validation em : 0.556220 
2018-08-19 14:59:08,161 - INFO - allennlp.training.trainer - Training loss : 0.020473    Validation loss : 0.025931 
2018-08-19 14:59:08,162 - INFO - allennlp.training.trainer - Training start_acc : 0.598692    Validation start_acc : 0.551503 
2018-08-19 14:59:08,162 - INFO - allennlp.training.trainer - Training answer_impossible_accuracy : 0.674054    Validation answer_impossible_accuracy : 0.622252 
2018-08-19 14:59:08,162 - INFO - allennlp.training.trainer - Epoch duration: 00:24:54
2018-08-19 14:59:08,162 - INFO - allennlp.training.trainer - Estimated training time remaining: 01:14:22
2018-08-19 14:59:08,163 - INFO - allennlp.training.trainer - Epoch 17/19
2018-08-19 14:59:08,163 - INFO - allennlp.training.trainer - Peak CPU memory usage MB: 2577.3
2018-08-19 14:59:08,218 - INFO - allennlp.training.trainer - GPU 0 memory usage MB: 15153
2018-08-19 14:59:08,219 - INFO - allennlp.training.trainer - Training
2018-08-19 14:59:09,516 - INFO - squad2.squad2 - Reading file at /home/arvindsgulati/.allennlp/datasets/3ed6d8ee2e4a05a76f0e3c9aeac435b2a46efb6ade713d80cc81dfdc94a83183
2018-08-19 14:59:10,330 - INFO - squad2.squad2 - Reading the dataset
2018-08-19 15:22:57,447 - INFO - allennlp.training.trainer - Validating
2018-08-19 15:22:57,678 - INFO - squad2.squad2 - Reading file at /home/arvindsgulati/.allennlp/datasets/5ac41b6f6bec6809c84d3591916085ec80858a34b7827db3ac4f46dca6e7bf32
2018-08-19 15:22:57,789 - INFO - squad2.squad2 - Reading the dataset
2018-08-19 15:24:01,550 - INFO - allennlp.training.trainer - Best validation performance so far. Copying weights to 'out/best.th'.
2018-08-19 15:24:01,911 - INFO - allennlp.training.trainer - Training end_acc : 0.656573    Validation end_acc : 0.554367 
2018-08-19 15:24:01,912 - INFO - allennlp.training.trainer - Training em : 0.627361    Validation em : 0.567590 
2018-08-19 15:24:01,912 - INFO - allennlp.training.trainer - Training loss : 0.018857    Validation loss : 0.026343 
2018-08-19 15:24:01,913 - INFO - allennlp.training.trainer - Training start_acc : 0.623232    Validation start_acc : 0.556641 
2018-08-19 15:24:01,913 - INFO - allennlp.training.trainer - Training answer_impossible_accuracy : 0.702116    Validation answer_impossible_accuracy : 0.627895 
2018-08-19 15:24:01,913 - INFO - allennlp.training.trainer - Epoch duration: 00:24:53
2018-08-19 15:24:01,913 - INFO - allennlp.training.trainer - Estimated training time remaining: 00:49:35
2018-08-19 15:24:01,913 - INFO - allennlp.training.trainer - Epoch 18/19
2018-08-19 15:24:01,913 - INFO - allennlp.training.trainer - Peak CPU memory usage MB: 2592.764
2018-08-19 15:24:01,970 - INFO - allennlp.training.trainer - GPU 0 memory usage MB: 15153
2018-08-19 15:24:01,971 - INFO - allennlp.training.trainer - Training
2018-08-19 15:24:03,170 - INFO - squad2.squad2 - Reading file at /home/arvindsgulati/.allennlp/datasets/3ed6d8ee2e4a05a76f0e3c9aeac435b2a46efb6ade713d80cc81dfdc94a83183
2018-08-19 15:24:04,041 - INFO - squad2.squad2 - Reading the dataset
2018-08-19 15:47:50,964 - INFO - allennlp.training.trainer - Validating
2018-08-19 15:47:51,229 - INFO - squad2.squad2 - Reading file at /home/arvindsgulati/.allennlp/datasets/5ac41b6f6bec6809c84d3591916085ec80858a34b7827db3ac4f46dca6e7bf32
2018-08-19 15:47:51,275 - INFO - squad2.squad2 - Reading the dataset
2018-08-19 15:48:55,502 - INFO - allennlp.training.trainer - Training end_acc : 0.668621    Validation end_acc : 0.546281 
2018-08-19 15:48:55,502 - INFO - allennlp.training.trainer - Training em : 0.639746    Validation em : 0.557820 
2018-08-19 15:48:55,503 - INFO - allennlp.training.trainer - Training loss : 0.017980    Validation loss : 0.027029 
2018-08-19 15:48:55,503 - INFO - allennlp.training.trainer - Training start_acc : 0.637965    Validation start_acc : 0.547882 
2018-08-19 15:48:55,503 - INFO - allennlp.training.trainer - Training answer_impossible_accuracy : 0.715383    Validation answer_impossible_accuracy : 0.629411 
2018-08-19 15:48:55,503 - INFO - allennlp.training.trainer - Epoch duration: 00:24:53
2018-08-19 15:48:55,504 - INFO - allennlp.training.trainer - Estimated training time remaining: 00:24:48
2018-08-19 15:48:55,504 - INFO - allennlp.training.trainer - Epoch 19/19
2018-08-19 15:48:55,504 - INFO - allennlp.training.trainer - Peak CPU memory usage MB: 2609.444
2018-08-19 15:48:55,560 - INFO - allennlp.training.trainer - GPU 0 memory usage MB: 15153
2018-08-19 15:48:55,561 - INFO - allennlp.training.trainer - Training
2018-08-19 15:48:56,788 - INFO - squad2.squad2 - Reading file at /home/arvindsgulati/.allennlp/datasets/3ed6d8ee2e4a05a76f0e3c9aeac435b2a46efb6ade713d80cc81dfdc94a83183
2018-08-19 15:48:57,616 - INFO - squad2.squad2 - Reading the dataset
2018-08-19 16:12:44,616 - INFO - allennlp.training.trainer - Validating
2018-08-19 16:12:44,854 - INFO - squad2.squad2 - Reading file at /home/arvindsgulati/.allennlp/datasets/5ac41b6f6bec6809c84d3591916085ec80858a34b7827db3ac4f46dca6e7bf32
2018-08-19 16:12:44,957 - INFO - squad2.squad2 - Reading the dataset
2018-08-19 16:13:48,903 - INFO - allennlp.training.trainer - Training end_acc : 0.678612    Validation end_acc : 0.548387 
2018-08-19 16:13:48,904 - INFO - allennlp.training.trainer - Training em : 0.648562    Validation em : 0.563042 
2018-08-19 16:13:48,904 - INFO - allennlp.training.trainer - Training loss : 0.017457    Validation loss : 0.027063 
2018-08-19 16:13:48,904 - INFO - allennlp.training.trainer - Training start_acc : 0.645769    Validation start_acc : 0.551251 
2018-08-19 16:13:48,904 - INFO - allennlp.training.trainer - Training answer_impossible_accuracy : 0.722941    Validation answer_impossible_accuracy : 0.629664 
2018-08-19 16:13:48,905 - INFO - allennlp.training.trainer - Epoch duration: 00:24:53
2018-08-19 16:13:48,905 - INFO - allennlp.models.archival - archiving weights and vocabulary to out/model.tar.gz
2018-08-19 16:13:51,334 - INFO - allennlp.commands.train - Loading the best epoch weights.
2018-08-19 16:13:51,395 - INFO - allennlp.commands.train - Metrics: {
  "training_duration": "08:16:06",
  "training_start_epoch": 0,
  "training_epochs": 20,
  "training_start_acc": 0.645769227817893,
  "training_end_acc": 0.6786117143317552,
  "training_answer_impossible_accuracy": 0.7229413976473116,
  "training_em": 0.6485623738672028,
  "training_loss": 0.017456617767043856,
  "validation_start_acc": 0.5512507369662258,
  "validation_end_acc": 0.5483870967741935,
  "validation_answer_impossible_accuracy": 0.6296639434009939,
  "validation_em": 0.5630421965804767,
  "validation_loss": 0.02706330231318771,
  "best_validation_em": 0.5675903310031163,
  "best_epoch": 17
}
